<?xml version="1.0" encoding="UTF-8"?>
<testng-results ignored="0" total="9" passed="9" failed="0" skipped="0">
  <reporter-output>
  </reporter-output>
  <suite started-at="2024-06-05T23:19:41 GMT" name="vendor-portal" finished-at="2024-06-05T23:19:46 GMT" duration-ms="4738">
    <groups>
    </groups>
    <test started-at="2024-06-05T23:19:41 GMT" name="user-mike" finished-at="2024-06-05T23:19:45 GMT" duration-ms="3565">
      <class name="com.vinsguru.tests.vendorportal.VendorPortalTest">
        <test-method is-config="true" signature="setDriver(org.testng.ITestContext)[pri:0, instance:com.vinsguru.tests.vendorportal.VendorPortalTest@58594a11]" started-at="2024-06-05T23:19:41 GMT" name="setDriver" finished-at="2024-06-05T23:19:42 GMT" duration-ms="592" status="PASS">
          <params>
            <param index="0">
              <value>
                <![CDATA[org.testng.TestRunner@1984b1f]]>
              </value>
            </param>
          </params>
          <reporter-output>
          </reporter-output>
        </test-method> <!-- setDriver -->
        <test-method is-config="true" signature="setPageObjects(java.lang.String)[pri:0, instance:com.vinsguru.tests.vendorportal.VendorPortalTest@58594a11]" started-at="2024-06-05T23:19:42 GMT" name="setPageObjects" finished-at="2024-06-05T23:19:42 GMT" depends-on-methods="com.vinsguru.tests.AbstractTest.setDriver" duration-ms="105" status="PASS">
          <params>
            <param index="0">
              <value>
                <![CDATA[test-data/vendor-portal/mike.json]]>
              </value>
            </param>
          </params>
          <reporter-output>
          </reporter-output>
        </test-method> <!-- setPageObjects -->
        <test-method signature="loginTest()[pri:0, instance:com.vinsguru.tests.vendorportal.VendorPortalTest@58594a11]" started-at="2024-06-05T23:19:42 GMT" name="loginTest" finished-at="2024-06-05T23:19:43 GMT" duration-ms="621" status="PASS">
          <reporter-output>
          </reporter-output>
        </test-method> <!-- loginTest -->
        <test-method signature="dashboardTest()[pri:0, instance:com.vinsguru.tests.vendorportal.VendorPortalTest@58594a11]" started-at="2024-06-05T23:19:43 GMT" name="dashboardTest" finished-at="2024-06-05T23:19:44 GMT" depends-on-methods="com.vinsguru.tests.vendorportal.VendorPortalTest.loginTest" duration-ms="802" status="PASS">
          <reporter-output>
          </reporter-output>
        </test-method> <!-- dashboardTest -->
        <test-method signature="logoutTest()[pri:0, instance:com.vinsguru.tests.vendorportal.VendorPortalTest@58594a11]" started-at="2024-06-05T23:19:44 GMT" name="logoutTest" finished-at="2024-06-05T23:19:45 GMT" depends-on-methods="com.vinsguru.tests.vendorportal.VendorPortalTest.dashboardTest" duration-ms="1329" status="PASS">
          <reporter-output>
          </reporter-output>
        </test-method> <!-- logoutTest -->
        <test-method is-config="true" signature="quitDriver()[pri:0, instance:com.vinsguru.tests.vendorportal.VendorPortalTest@58594a11]" started-at="2024-06-05T23:19:45 GMT" name="quitDriver" finished-at="2024-06-05T23:19:45 GMT" duration-ms="102" status="PASS">
          <reporter-output>
          </reporter-output>
        </test-method> <!-- quitDriver -->
      </class> <!-- com.vinsguru.tests.vendorportal.VendorPortalTest -->
    </test> <!-- user-mike -->
    <test started-at="2024-06-05T23:19:41 GMT" name="user-john" finished-at="2024-06-05T23:19:45 GMT" duration-ms="3665">
      <class name="com.vinsguru.tests.vendorportal.VendorPortalTest">
        <test-method is-config="true" signature="setupConfig()[pri:0, instance:com.vinsguru.tests.vendorportal.VendorPortalTest@4167d97b]" started-at="2024-06-05T23:19:41 GMT" name="setupConfig" finished-at="2024-06-05T23:19:41 GMT" duration-ms="5" status="PASS">
          <reporter-output>
          </reporter-output>
        </test-method> <!-- setupConfig -->
        <test-method is-config="true" signature="setDriver(org.testng.ITestContext)[pri:0, instance:com.vinsguru.tests.vendorportal.VendorPortalTest@4167d97b]" started-at="2024-06-05T23:19:41 GMT" name="setDriver" finished-at="2024-06-05T23:19:42 GMT" duration-ms="592" status="PASS">
          <params>
            <param index="0">
              <value>
                <![CDATA[org.testng.TestRunner@3bd323e9]]>
              </value>
            </param>
          </params>
          <reporter-output>
          </reporter-output>
        </test-method> <!-- setDriver -->
        <test-method is-config="true" signature="setPageObjects(java.lang.String)[pri:0, instance:com.vinsguru.tests.vendorportal.VendorPortalTest@4167d97b]" started-at="2024-06-05T23:19:42 GMT" name="setPageObjects" finished-at="2024-06-05T23:19:42 GMT" depends-on-methods="com.vinsguru.tests.AbstractTest.setDriver" duration-ms="105" status="PASS">
          <params>
            <param index="0">
              <value>
                <![CDATA[test-data/vendor-portal/john.json]]>
              </value>
            </param>
          </params>
          <reporter-output>
          </reporter-output>
        </test-method> <!-- setPageObjects -->
        <test-method signature="loginTest()[pri:0, instance:com.vinsguru.tests.vendorportal.VendorPortalTest@4167d97b]" started-at="2024-06-05T23:19:42 GMT" name="loginTest" finished-at="2024-06-05T23:19:43 GMT" duration-ms="624" status="PASS">
          <reporter-output>
          </reporter-output>
        </test-method> <!-- loginTest -->
        <test-method signature="dashboardTest()[pri:0, instance:com.vinsguru.tests.vendorportal.VendorPortalTest@4167d97b]" started-at="2024-06-05T23:19:43 GMT" name="dashboardTest" finished-at="2024-06-05T23:19:44 GMT" depends-on-methods="com.vinsguru.tests.vendorportal.VendorPortalTest.loginTest" duration-ms="940" status="PASS">
          <reporter-output>
          </reporter-output>
        </test-method> <!-- dashboardTest -->
        <test-method signature="logoutTest()[pri:0, instance:com.vinsguru.tests.vendorportal.VendorPortalTest@4167d97b]" started-at="2024-06-05T23:19:44 GMT" name="logoutTest" finished-at="2024-06-05T23:19:45 GMT" depends-on-methods="com.vinsguru.tests.vendorportal.VendorPortalTest.dashboardTest" duration-ms="1312" status="PASS">
          <reporter-output>
          </reporter-output>
        </test-method> <!-- logoutTest -->
        <test-method is-config="true" signature="quitDriver()[pri:0, instance:com.vinsguru.tests.vendorportal.VendorPortalTest@4167d97b]" started-at="2024-06-05T23:19:45 GMT" name="quitDriver" finished-at="2024-06-05T23:19:45 GMT" duration-ms="78" status="PASS">
          <reporter-output>
          </reporter-output>
        </test-method> <!-- quitDriver -->
      </class> <!-- com.vinsguru.tests.vendorportal.VendorPortalTest -->
    </test> <!-- user-john -->
    <test started-at="2024-06-05T23:19:41 GMT" name="user-sam" finished-at="2024-06-05T23:19:46 GMT" duration-ms="4738">
      <class name="com.vinsguru.tests.vendorportal.VendorPortalTest">
        <test-method is-config="true" signature="setDriver(org.testng.ITestContext)[pri:0, instance:com.vinsguru.tests.vendorportal.VendorPortalTest@2b72cb8a]" started-at="2024-06-05T23:19:41 GMT" name="setDriver" finished-at="2024-06-05T23:19:42 GMT" duration-ms="592" status="PASS">
          <params>
            <param index="0">
              <value>
                <![CDATA[org.testng.TestRunner@1b75c2e3]]>
              </value>
            </param>
          </params>
          <reporter-output>
          </reporter-output>
        </test-method> <!-- setDriver -->
        <test-method is-config="true" signature="setPageObjects(java.lang.String)[pri:0, instance:com.vinsguru.tests.vendorportal.VendorPortalTest@2b72cb8a]" started-at="2024-06-05T23:19:42 GMT" name="setPageObjects" finished-at="2024-06-05T23:19:42 GMT" depends-on-methods="com.vinsguru.tests.AbstractTest.setDriver" duration-ms="105" status="PASS">
          <params>
            <param index="0">
              <value>
                <![CDATA[test-data/vendor-portal/sam.json]]>
              </value>
            </param>
          </params>
          <reporter-output>
          </reporter-output>
        </test-method> <!-- setPageObjects -->
        <test-method signature="loginTest()[pri:0, instance:com.vinsguru.tests.vendorportal.VendorPortalTest@2b72cb8a]" started-at="2024-06-05T23:19:42 GMT" name="loginTest" finished-at="2024-06-05T23:19:43 GMT" duration-ms="608" status="PASS">
          <reporter-output>
          </reporter-output>
        </test-method> <!-- loginTest -->
        <test-method signature="dashboardTest()[pri:0, instance:com.vinsguru.tests.vendorportal.VendorPortalTest@2b72cb8a]" started-at="2024-06-05T23:19:43 GMT" name="dashboardTest" finished-at="2024-06-05T23:19:45 GMT" depends-on-methods="com.vinsguru.tests.vendorportal.VendorPortalTest.loginTest" duration-ms="1955" status="PASS">
          <reporter-output>
          </reporter-output>
        </test-method> <!-- dashboardTest -->
        <test-method signature="logoutTest()[pri:0, instance:com.vinsguru.tests.vendorportal.VendorPortalTest@2b72cb8a]" started-at="2024-06-05T23:19:45 GMT" name="logoutTest" finished-at="2024-06-05T23:19:46 GMT" depends-on-methods="com.vinsguru.tests.vendorportal.VendorPortalTest.dashboardTest" duration-ms="1347" status="PASS">
          <reporter-output>
          </reporter-output>
        </test-method> <!-- logoutTest -->
        <test-method is-config="true" signature="quitDriver()[pri:0, instance:com.vinsguru.tests.vendorportal.VendorPortalTest@2b72cb8a]" started-at="2024-06-05T23:19:46 GMT" name="quitDriver" finished-at="2024-06-05T23:19:46 GMT" duration-ms="116" status="PASS">
          <reporter-output>
          </reporter-output>
        </test-method> <!-- quitDriver -->
      </class> <!-- com.vinsguru.tests.vendorportal.VendorPortalTest -->
    </test> <!-- user-sam -->
  </suite> <!-- vendor-portal -->
</testng-results>
